  Building Custom Rule C:/Users/14426/Desktop/adc programming/HM2/SFML/src/SFML/System/CMakeLists.txt
  Clock.cpp
  Err.cpp
  Lock.cpp
  Mutex.cpp
  Sleep.cpp
  String.cpp
  Thread.cpp
  ThreadLocal.cpp
  Time.cpp
  FileInputStream.cpp
  MemoryInputStream.cpp
  ClockImpl.cpp
  MutexImpl.cpp
  SleepImpl.cpp
  ThreadImpl.cpp
  ThreadLocalImpl.cpp
  正在生成代码...
    正在创建库 C:/Users/14426/Desktop/adc programming/HM2/build/output/lib/Debug/sfml-system-d.lib 和对象 C:/Users/14426/Desktop/adc programming/HM2/build/output/lib/Debug/sfml-system-d.exp
  sfml-system.vcxproj -> C:\Users\14426\Desktop\adc programming\HM2\build\output\bin\sfml-system-d-2.dll
