  Building Custom Rule C:/Users/14426/Desktop/adc programming/HM2/SFML/src/SFML/Window/CMakeLists.txt
  Clipboard.cpp
  Context.cpp
  Cursor.cpp
  GlContext.cpp
  GlResource.cpp
  Joystick.cpp
  JoystickManager.cpp
  Keyboard.cpp
  Mouse.cpp
  Touch.cpp
  Sensor.cpp
  SensorManager.cpp
  VideoMode.cpp
  Vulkan.cpp
  Window.cpp
  WindowBase.cpp
  WindowImpl.cpp
  CursorImpl.cpp
  ClipboardImpl.cpp
  InputImpl.cpp
  正在生成代码...
  正在编译...
  JoystickImpl.cpp
  SensorImpl.cpp
  VideoModeImpl.cpp
  VulkanImplWin32.cpp
  WindowImplWin32.cpp
  WglContext.cpp
  正在生成代码...
    正在创建库 C:/Users/14426/Desktop/adc programming/HM2/build/output/lib/Debug/sfml-window-d.lib 和对象 C:/Users/14426/Desktop/adc programming/HM2/build/output/lib/Debug/sfml-window-d.exp
  sfml-window.vcxproj -> C:\Users\14426\Desktop\adc programming\HM2\build\output\bin\sfml-window-d-2.dll
