  Building Custom Rule C:/Users/14426/Desktop/adc programming/HM2/SFML/src/SFML/Graphics/CMakeLists.txt
  BlendMode.cpp
  Color.cpp
  Font.cpp
  Glsl.cpp
  GLCheck.cpp
  GLExtensions.cpp
  Image.cpp
  ImageLoader.cpp
  RenderStates.cpp
  RenderTexture.cpp
  RenderTarget.cpp
  RenderWindow.cpp
  Shader.cpp
  Texture.cpp
  TextureSaver.cpp
  Transform.cpp
  Transformable.cpp
  View.cpp
  Vertex.cpp
  Shape.cpp
  正在生成代码...
  正在编译...
  CircleShape.cpp
  RectangleShape.cpp
  ConvexShape.cpp
  Sprite.cpp
  Text.cpp
  VertexArray.cpp
  VertexBuffer.cpp
  RenderTextureImpl.cpp
  RenderTextureImplFBO.cpp
  RenderTextureImplDefault.cpp
  正在生成代码...
    正在创建库 C:/Users/14426/Desktop/adc programming/HM2/build/output/lib/Debug/sfml-graphics-d.lib 和对象 C:/Users/14426/Desktop/adc programming/HM2/build/output/lib/Debug/sfml-graphics-d.exp
  sfml-graphics.vcxproj -> C:\Users\14426\Desktop\adc programming\HM2\build\output\bin\sfml-graphics-d-2.dll
